Starting urban-shadow-analysis pipeline
  Command   : all
  Tile size : all
  Datetime  : 2026-06-21T12:00:00
  Node      : ant1
  Job ID    : 1647714
  Time      : 2026-07-12 23:28 UTC
Fetching ovgu_bbox_full.png ...
  Saved /home/bumu60du/HiWi1/urban-shadow-analysis/data/orthophotos/ovgu_bbox/ovgu_bbox_full.png (3333.8 KB)

--- ovgu_bbox: full-area image → ovgu_bbox_full.png (1.7s) ---

--- ovgu_bbox @ 100m: 90 tile(s) ---
Fetching ovgu_bbox_tile_0_0.png ...
  Saved /home/bumu60du/HiWi1/urban-shadow-analysis/data/orthophotos/ovgu_bbox/100m/ovgu_bbox_tile_0_0.png (739.9 KB)
Fetching ovgu_bbox_tile_0_1.png ...
  Saved /home/bumu60du/HiWi1/urban-shadow-analysis/data/orthophotos/ovgu_bbox/100m/ovgu_bbox_tile_0_1.png (749.7 KB)
Fetching ovgu_bbox_tile_0_2.png ...
  Saved /home/bumu60du/HiWi1/urban-shadow-analysis/data/orthophotos/ovgu_bbox/100m/ovgu_bbox_tile_0_2.png (758.6 KB)
Fetching ovgu_bbox_tile_0_3.png ...
  Saved /home/bumu60du/HiWi1/urban-shadow-analysis/data/orthophotos/ovgu_bbox/100m/ovgu_bbox_tile_0_3.png (772.7 KB)
Fetching ovgu_bbox_tile_0_4.png ...
  Saved /home/bumu60du/HiWi1/urban-shadow-analysis/data/orthophotos/ovgu_bbox/100m/ovgu_bbox_tile_0_4.png (742.9 KB)
Fetching ovgu_bbox_tile_0_5.png ...
  Saved /home/bumu60du/HiWi1/urban-shadow-analysis/data/orthophotos/ovgu_bbox/100m/ovgu_bbox_tile_0_5.png (753.1 KB)
Fetching ovgu_bbox_tile_0_6.png ...
  Saved /home/bumu60du/HiWi1/urban-shadow-analysis/data/orthophotos/ovgu_bbox/100m/ovgu_bbox_tile_0_6.png (759.6 KB)
Fetching ovgu_bbox_tile_0_7.png ...
  Saved /home/bumu60du/HiWi1/urban-shadow-analysis/data/orthophotos/ovgu_bbox/100m/ovgu_bbox_tile_0_7.png (751.4 KB)
Fetching ovgu_bbox_tile_0_8.png ...
  Saved /home/bumu60du/HiWi1/urban-shadow-analysis/data/orthophotos/ovgu_bbox/100m/ovgu_bbox_tile_0_8.png (747.8 KB)
Fetching ovgu_bbox_tile_0_9.png ...
  Saved /home/bumu60du/HiWi1/urban-shadow-analysis/data/orthophotos/ovgu_bbox/100m/ovgu_bbox_tile_0_9.png (91.0 KB)
Fetching ovgu_bbox_tile_1_0.png ...
  Saved /home/bumu60du/HiWi1/urban-shadow-analysis/data/orthophotos/ovgu_bbox/100m/ovgu_bbox_tile_1_0.png (748.3 KB)
Fetching ovgu_bbox_tile_1_1.png ...
  Saved /home/bumu60du/HiWi1/urban-shadow-analysis/data/orthophotos/ovgu_bbox/100m/ovgu_bbox_tile_1_1.png (747.5 KB)
Fetching ovgu_bbox_tile_1_2.png ...
  Saved /home/bumu60du/HiWi1/urban-shadow-analysis/data/orthophotos/ovgu_bbox/100m/ovgu_bbox_tile_1_2.png (748.4 KB)
Fetching ovgu_bbox_tile_1_3.png ...
  Saved /home/bumu60du/HiWi1/urban-shadow-analysis/data/orthophotos/ovgu_bbox/100m/ovgu_bbox_tile_1_3.png (764.8 KB)
Fetching ovgu_bbox_tile_1_4.png ...
  Saved /home/bumu60du/HiWi1/urban-shadow-analysis/data/orthophotos/ovgu_bbox/100m/ovgu_bbox_tile_1_4.png (735.3 KB)
Fetching ovgu_bbox_tile_1_5.png ...
  Saved /home/bumu60du/HiWi1/urban-shadow-analysis/data/orthophotos/ovgu_bbox/100m/ovgu_bbox_tile_1_5.png (733.2 KB)
Fetching ovgu_bbox_tile_1_6.png ...
  Saved /home/bumu60du/HiWi1/urban-shadow-analysis/data/orthophotos/ovgu_bbox/100m/ovgu_bbox_tile_1_6.png (738.5 KB)
Fetching ovgu_bbox_tile_1_7.png ...
  Saved /home/bumu60du/HiWi1/urban-shadow-analysis/data/orthophotos/ovgu_bbox/100m/ovgu_bbox_tile_1_7.png (744.9 KB)
Fetching ovgu_bbox_tile_1_8.png ...
  Saved /home/bumu60du/HiWi1/urban-shadow-analysis/data/orthophotos/ovgu_bbox/100m/ovgu_bbox_tile_1_8.png (724.0 KB)
Fetching ovgu_bbox_tile_1_9.png ...
  Saved /home/bumu60du/HiWi1/urban-shadow-analysis/data/orthophotos/ovgu_bbox/100m/ovgu_bbox_tile_1_9.png (88.1 KB)
Fetching ovgu_bbox_tile_2_0.png ...
  Saved /home/bumu60du/HiWi1/urban-shadow-analysis/data/orthophotos/ovgu_bbox/100m/ovgu_bbox_tile_2_0.png (742.9 KB)
Fetching ovgu_bbox_tile_2_1.png ...
  Saved /home/bumu60du/HiWi1/urban-shadow-analysis/data/orthophotos/ovgu_bbox/100m/ovgu_bbox_tile_2_1.png (728.6 KB)
Fetching ovgu_bbox_tile_2_2.png ...
  Saved /home/bumu60du/HiWi1/urban-shadow-analysis/data/orthophotos/ovgu_bbox/100m/ovgu_bbox_tile_2_2.png (744.3 KB)
Fetching ovgu_bbox_tile_2_3.png ...
  Saved /home/bumu60du/HiWi1/urban-shadow-analysis/data/orthophotos/ovgu_bbox/100m/ovgu_bbox_tile_2_3.png (740.6 KB)
Fetching ovgu_bbox_tile_2_4.png ...
  Saved /home/bumu60du/HiWi1/urban-shadow-analysis/data/orthophotos/ovgu_bbox/100m/ovgu_bbox_tile_2_4.png (713.4 KB)
Fetching ovgu_bbox_tile_2_5.png ...
  Saved /home/bumu60du/HiWi1/urban-shadow-analysis/data/orthophotos/ovgu_bbox/100m/ovgu_bbox_tile_2_5.png (712.9 KB)
Fetching ovgu_bbox_tile_2_6.png ...
  Saved /home/bumu60du/HiWi1/urban-shadow-analysis/data/orthophotos/ovgu_bbox/100m/ovgu_bbox_tile_2_6.png (704.7 KB)
Fetching ovgu_bbox_tile_2_7.png ...
  Saved /home/bumu60du/HiWi1/urban-shadow-analysis/data/orthophotos/ovgu_bbox/100m/ovgu_bbox_tile_2_7.png (754.8 KB)
Fetching ovgu_bbox_tile_2_8.png ...
  Saved /home/bumu60du/HiWi1/urban-shadow-analysis/data/orthophotos/ovgu_bbox/100m/ovgu_bbox_tile_2_8.png (758.1 KB)
Fetching ovgu_bbox_tile_2_9.png ...
  Saved /home/bumu60du/HiWi1/urban-shadow-analysis/data/orthophotos/ovgu_bbox/100m/ovgu_bbox_tile_2_9.png (87.7 KB)
Fetching ovgu_bbox_tile_3_0.png ...
  Saved /home/bumu60du/HiWi1/urban-shadow-analysis/data/orthophotos/ovgu_bbox/100m/ovgu_bbox_tile_3_0.png (773.5 KB)
Fetching ovgu_bbox_tile_3_1.png ...
  Saved /home/bumu60du/HiWi1/urban-shadow-analysis/data/orthophotos/ovgu_bbox/100m/ovgu_bbox_tile_3_1.png (739.0 KB)
Fetching ovgu_bbox_tile_3_2.png ...
  Saved /home/bumu60du/HiWi1/urban-shadow-analysis/data/orthophotos/ovgu_bbox/100m/ovgu_bbox_tile_3_2.png (776.2 KB)
Fetching ovgu_bbox_tile_3_3.png ...
  Saved /home/bumu60du/HiWi1/urban-shadow-analysis/data/orthophotos/ovgu_bbox/100m/ovgu_bbox_tile_3_3.png (749.5 KB)
Fetching ovgu_bbox_tile_3_4.png ...
  Saved /home/bumu60du/HiWi1/urban-shadow-analysis/data/orthophotos/ovgu_bbox/100m/ovgu_bbox_tile_3_4.png (707.1 KB)
Fetching ovgu_bbox_tile_3_5.png ...
  Saved /home/bumu60du/HiWi1/urban-shadow-analysis/data/orthophotos/ovgu_bbox/100m/ovgu_bbox_tile_3_5.png (712.5 KB)
Fetching ovgu_bbox_tile_3_6.png ...
  Saved /home/bumu60du/HiWi1/urban-shadow-analysis/data/orthophotos/ovgu_bbox/100m/ovgu_bbox_tile_3_6.png (719.2 KB)
Fetching ovgu_bbox_tile_3_7.png ...
  Saved /home/bumu60du/HiWi1/urban-shadow-analysis/data/orthophotos/ovgu_bbox/100m/ovgu_bbox_tile_3_7.png (743.7 KB)
Fetching ovgu_bbox_tile_3_8.png ...
  Saved /home/bumu60du/HiWi1/urban-shadow-analysis/data/orthophotos/ovgu_bbox/100m/ovgu_bbox_tile_3_8.png (755.7 KB)
Fetching ovgu_bbox_tile_3_9.png ...
  Saved /home/bumu60du/HiWi1/urban-shadow-analysis/data/orthophotos/ovgu_bbox/100m/ovgu_bbox_tile_3_9.png (88.4 KB)
Fetching ovgu_bbox_tile_4_0.png ...
  Saved /home/bumu60du/HiWi1/urban-shadow-analysis/data/orthophotos/ovgu_bbox/100m/ovgu_bbox_tile_4_0.png (744.2 KB)
Fetching ovgu_bbox_tile_4_1.png ...
  Saved /home/bumu60du/HiWi1/urban-shadow-analysis/data/orthophotos/ovgu_bbox/100m/ovgu_bbox_tile_4_1.png (754.6 KB)
Fetching ovgu_bbox_tile_4_2.png ...
  Saved /home/bumu60du/HiWi1/urban-shadow-analysis/data/orthophotos/ovgu_bbox/100m/ovgu_bbox_tile_4_2.png (759.4 KB)
Fetching ovgu_bbox_tile_4_3.png ...
  Saved /home/bumu60du/HiWi1/urban-shadow-analysis/data/orthophotos/ovgu_bbox/100m/ovgu_bbox_tile_4_3.png (765.0 KB)
Fetching ovgu_bbox_tile_4_4.png ...
  Saved /home/bumu60du/HiWi1/urban-shadow-analysis/data/orthophotos/ovgu_bbox/100m/ovgu_bbox_tile_4_4.png (699.8 KB)
Fetching ovgu_bbox_tile_4_5.png ...
  Saved /home/bumu60du/HiWi1/urban-shadow-analysis/data/orthophotos/ovgu_bbox/100m/ovgu_bbox_tile_4_5.png (702.1 KB)
Fetching ovgu_bbox_tile_4_6.png ...
  Saved /home/bumu60du/HiWi1/urban-shadow-analysis/data/orthophotos/ovgu_bbox/100m/ovgu_bbox_tile_4_6.png (715.7 KB)
Fetching ovgu_bbox_tile_4_7.png ...
  Saved /home/bumu60du/HiWi1/urban-shadow-analysis/data/orthophotos/ovgu_bbox/100m/ovgu_bbox_tile_4_7.png (718.9 KB)
Fetching ovgu_bbox_tile_4_8.png ...
  Saved /home/bumu60du/HiWi1/urban-shadow-analysis/data/orthophotos/ovgu_bbox/100m/ovgu_bbox_tile_4_8.png (748.5 KB)
Fetching ovgu_bbox_tile_4_9.png ...
  Saved /home/bumu60du/HiWi1/urban-shadow-analysis/data/orthophotos/ovgu_bbox/100m/ovgu_bbox_tile_4_9.png (89.3 KB)
Fetching ovgu_bbox_tile_5_0.png ...
  Saved /home/bumu60du/HiWi1/urban-shadow-analysis/data/orthophotos/ovgu_bbox/100m/ovgu_bbox_tile_5_0.png (737.0 KB)
Fetching ovgu_bbox_tile_5_1.png ...
  Saved /home/bumu60du/HiWi1/urban-shadow-analysis/data/orthophotos/ovgu_bbox/100m/ovgu_bbox_tile_5_1.png (754.9 KB)
Fetching ovgu_bbox_tile_5_2.png ...
  Saved /home/bumu60du/HiWi1/urban-shadow-analysis/data/orthophotos/ovgu_bbox/100m/ovgu_bbox_tile_5_2.png (770.2 KB)
Fetching ovgu_bbox_tile_5_3.png ...
  Saved /home/bumu60du/HiWi1/urban-shadow-analysis/data/orthophotos/ovgu_bbox/100m/ovgu_bbox_tile_5_3.png (770.0 KB)
Fetching ovgu_bbox_tile_5_4.png ...
  Saved /home/bumu60du/HiWi1/urban-shadow-analysis/data/orthophotos/ovgu_bbox/100m/ovgu_bbox_tile_5_4.png (757.3 KB)
Fetching ovgu_bbox_tile_5_5.png ...
  Saved /home/bumu60du/HiWi1/urban-shadow-analysis/data/orthophotos/ovgu_bbox/100m/ovgu_bbox_tile_5_5.png (759.9 KB)
Fetching ovgu_bbox_tile_5_6.png ...
  Saved /home/bumu60du/HiWi1/urban-shadow-analysis/data/orthophotos/ovgu_bbox/100m/ovgu_bbox_tile_5_6.png (749.1 KB)
Fetching ovgu_bbox_tile_5_7.png ...
  Saved /home/bumu60du/HiWi1/urban-shadow-analysis/data/orthophotos/ovgu_bbox/100m/ovgu_bbox_tile_5_7.png (764.1 KB)
Fetching ovgu_bbox_tile_5_8.png ...
  Saved /home/bumu60du/HiWi1/urban-shadow-analysis/data/orthophotos/ovgu_bbox/100m/ovgu_bbox_tile_5_8.png (742.8 KB)
Fetching ovgu_bbox_tile_5_9.png ...
  Saved /home/bumu60du/HiWi1/urban-shadow-analysis/data/orthophotos/ovgu_bbox/100m/ovgu_bbox_tile_5_9.png (91.6 KB)
Fetching ovgu_bbox_tile_6_0.png ...
  Saved /home/bumu60du/HiWi1/urban-shadow-analysis/data/orthophotos/ovgu_bbox/100m/ovgu_bbox_tile_6_0.png (739.9 KB)
Fetching ovgu_bbox_tile_6_1.png ...
  Saved /home/bumu60du/HiWi1/urban-shadow-analysis/data/orthophotos/ovgu_bbox/100m/ovgu_bbox_tile_6_1.png (734.3 KB)
Fetching ovgu_bbox_tile_6_2.png ...
  Saved /home/bumu60du/HiWi1/urban-shadow-analysis/data/orthophotos/ovgu_bbox/100m/ovgu_bbox_tile_6_2.png (742.4 KB)
Fetching ovgu_bbox_tile_6_3.png ...
  Saved /home/bumu60du/HiWi1/urban-shadow-analysis/data/orthophotos/ovgu_bbox/100m/ovgu_bbox_tile_6_3.png (735.1 KB)
Fetching ovgu_bbox_tile_6_4.png ...
  Saved /home/bumu60du/HiWi1/urban-shadow-analysis/data/orthophotos/ovgu_bbox/100m/ovgu_bbox_tile_6_4.png (757.5 KB)
Fetching ovgu_bbox_tile_6_5.png ...
  Saved /home/bumu60du/HiWi1/urban-shadow-analysis/data/orthophotos/ovgu_bbox/100m/ovgu_bbox_tile_6_5.png (756.4 KB)
Fetching ovgu_bbox_tile_6_6.png ...
  Saved /home/bumu60du/HiWi1/urban-shadow-analysis/data/orthophotos/ovgu_bbox/100m/ovgu_bbox_tile_6_6.png (771.0 KB)
Fetching ovgu_bbox_tile_6_7.png ...
  Saved /home/bumu60du/HiWi1/urban-shadow-analysis/data/orthophotos/ovgu_bbox/100m/ovgu_bbox_tile_6_7.png (770.3 KB)
Fetching ovgu_bbox_tile_6_8.png ...
  Saved /home/bumu60du/HiWi1/urban-shadow-analysis/data/orthophotos/ovgu_bbox/100m/ovgu_bbox_tile_6_8.png (747.0 KB)
Fetching ovgu_bbox_tile_6_9.png ...
  Saved /home/bumu60du/HiWi1/urban-shadow-analysis/data/orthophotos/ovgu_bbox/100m/ovgu_bbox_tile_6_9.png (87.9 KB)
Fetching ovgu_bbox_tile_7_0.png ...
  Saved /home/bumu60du/HiWi1/urban-shadow-analysis/data/orthophotos/ovgu_bbox/100m/ovgu_bbox_tile_7_0.png (751.7 KB)
Fetching ovgu_bbox_tile_7_1.png ...
  Saved /home/bumu60du/HiWi1/urban-shadow-analysis/data/orthophotos/ovgu_bbox/100m/ovgu_bbox_tile_7_1.png (751.5 KB)
Fetching ovgu_bbox_tile_7_2.png ...
  Saved /home/bumu60du/HiWi1/urban-shadow-analysis/data/orthophotos/ovgu_bbox/100m/ovgu_bbox_tile_7_2.png (762.9 KB)
Fetching ovgu_bbox_tile_7_3.png ...
  Saved /home/bumu60du/HiWi1/urban-shadow-analysis/data/orthophotos/ovgu_bbox/100m/ovgu_bbox_tile_7_3.png (759.1 KB)
Fetching ovgu_bbox_tile_7_4.png ...
  Saved /home/bumu60du/HiWi1/urban-shadow-analysis/data/orthophotos/ovgu_bbox/100m/ovgu_bbox_tile_7_4.png (780.2 KB)
Fetching ovgu_bbox_tile_7_5.png ...
  Saved /home/bumu60du/HiWi1/urban-shadow-analysis/data/orthophotos/ovgu_bbox/100m/ovgu_bbox_tile_7_5.png (768.0 KB)
Fetching ovgu_bbox_tile_7_6.png ...
  Saved /home/bumu60du/HiWi1/urban-shadow-analysis/data/orthophotos/ovgu_bbox/100m/ovgu_bbox_tile_7_6.png (772.9 KB)
Fetching ovgu_bbox_tile_7_7.png ...
  Saved /home/bumu60du/HiWi1/urban-shadow-analysis/data/orthophotos/ovgu_bbox/100m/ovgu_bbox_tile_7_7.png (756.8 KB)
Fetching ovgu_bbox_tile_7_8.png ...
  Saved /home/bumu60du/HiWi1/urban-shadow-analysis/data/orthophotos/ovgu_bbox/100m/ovgu_bbox_tile_7_8.png (755.1 KB)
Fetching ovgu_bbox_tile_7_9.png ...
  Saved /home/bumu60du/HiWi1/urban-shadow-analysis/data/orthophotos/ovgu_bbox/100m/ovgu_bbox_tile_7_9.png (94.0 KB)
Fetching ovgu_bbox_tile_8_0.png ...
  Saved /home/bumu60du/HiWi1/urban-shadow-analysis/data/orthophotos/ovgu_bbox/100m/ovgu_bbox_tile_8_0.png (436.5 KB)
Fetching ovgu_bbox_tile_8_1.png ...
  Saved /home/bumu60du/HiWi1/urban-shadow-analysis/data/orthophotos/ovgu_bbox/100m/ovgu_bbox_tile_8_1.png (452.1 KB)
Fetching ovgu_bbox_tile_8_2.png ...
  Saved /home/bumu60du/HiWi1/urban-shadow-analysis/data/orthophotos/ovgu_bbox/100m/ovgu_bbox_tile_8_2.png (435.9 KB)
Fetching ovgu_bbox_tile_8_3.png ...
  Saved /home/bumu60du/HiWi1/urban-shadow-analysis/data/orthophotos/ovgu_bbox/100m/ovgu_bbox_tile_8_3.png (424.1 KB)
Fetching ovgu_bbox_tile_8_4.png ...
  Saved /home/bumu60du/HiWi1/urban-shadow-analysis/data/orthophotos/ovgu_bbox/100m/ovgu_bbox_tile_8_4.png (441.7 KB)
Fetching ovgu_bbox_tile_8_5.png ...
  Saved /home/bumu60du/HiWi1/urban-shadow-analysis/data/orthophotos/ovgu_bbox/100m/ovgu_bbox_tile_8_5.png (451.4 KB)
Fetching ovgu_bbox_tile_8_6.png ...
  Saved /home/bumu60du/HiWi1/urban-shadow-analysis/data/orthophotos/ovgu_bbox/100m/ovgu_bbox_tile_8_6.png (435.8 KB)
Fetching ovgu_bbox_tile_8_7.png ...
  Saved /home/bumu60du/HiWi1/urban-shadow-analysis/data/orthophotos/ovgu_bbox/100m/ovgu_bbox_tile_8_7.png (427.5 KB)
Fetching ovgu_bbox_tile_8_8.png ...
  Saved /home/bumu60du/HiWi1/urban-shadow-analysis/data/orthophotos/ovgu_bbox/100m/ovgu_bbox_tile_8_8.png (435.1 KB)
Fetching ovgu_bbox_tile_8_9.png ...
  Saved /home/bumu60du/HiWi1/urban-shadow-analysis/data/orthophotos/ovgu_bbox/100m/ovgu_bbox_tile_8_9.png (61.2 KB)
  90 tile(s) saved — 45.0s total, 0.50s/tile

--- ovgu_bbox @ 250m: 16 tile(s) ---
Fetching ovgu_bbox_tile_0_0.png ...
  Saved /home/bumu60du/HiWi1/urban-shadow-analysis/data/orthophotos/ovgu_bbox/250m/ovgu_bbox_tile_0_0.png (3222.9 KB)
Fetching ovgu_bbox_tile_0_1.png ...
  Saved /home/bumu60du/HiWi1/urban-shadow-analysis/data/orthophotos/ovgu_bbox/250m/ovgu_bbox_tile_0_1.png (3294.8 KB)
Fetching ovgu_bbox_tile_0_2.png ...
  Saved /home/bumu60du/HiWi1/urban-shadow-analysis/data/orthophotos/ovgu_bbox/250m/ovgu_bbox_tile_0_2.png (3232.1 KB)
Fetching ovgu_bbox_tile_0_3.png ...
  Saved /home/bumu60du/HiWi1/urban-shadow-analysis/data/orthophotos/ovgu_bbox/250m/ovgu_bbox_tile_0_3.png (2174.9 KB)
Fetching ovgu_bbox_tile_1_0.png ...
  Saved /home/bumu60du/HiWi1/urban-shadow-analysis/data/orthophotos/ovgu_bbox/250m/ovgu_bbox_tile_1_0.png (3310.6 KB)
Fetching ovgu_bbox_tile_1_1.png ...
  Saved /home/bumu60du/HiWi1/urban-shadow-analysis/data/orthophotos/ovgu_bbox/250m/ovgu_bbox_tile_1_1.png (3168.9 KB)
Fetching ovgu_bbox_tile_1_2.png ...
  Saved /home/bumu60du/HiWi1/urban-shadow-analysis/data/orthophotos/ovgu_bbox/250m/ovgu_bbox_tile_1_2.png (2985.7 KB)
Fetching ovgu_bbox_tile_1_3.png ...
  Saved /home/bumu60du/HiWi1/urban-shadow-analysis/data/orthophotos/ovgu_bbox/250m/ovgu_bbox_tile_1_3.png (2194.5 KB)
Fetching ovgu_bbox_tile_2_0.png ...
  Saved /home/bumu60du/HiWi1/urban-shadow-analysis/data/orthophotos/ovgu_bbox/250m/ovgu_bbox_tile_2_0.png (3251.7 KB)
Fetching ovgu_bbox_tile_2_1.png ...
  Saved /home/bumu60du/HiWi1/urban-shadow-analysis/data/orthophotos/ovgu_bbox/250m/ovgu_bbox_tile_2_1.png (3328.5 KB)
Fetching ovgu_bbox_tile_2_2.png ...
  Saved /home/bumu60du/HiWi1/urban-shadow-analysis/data/orthophotos/ovgu_bbox/250m/ovgu_bbox_tile_2_2.png (3375.7 KB)
Fetching ovgu_bbox_tile_2_3.png ...
  Saved /home/bumu60du/HiWi1/urban-shadow-analysis/data/orthophotos/ovgu_bbox/250m/ovgu_bbox_tile_2_3.png (2191.3 KB)
Fetching ovgu_bbox_tile_3_0.png ...
  Saved /home/bumu60du/HiWi1/urban-shadow-analysis/data/orthophotos/ovgu_bbox/250m/ovgu_bbox_tile_3_0.png (1849.5 KB)
Fetching ovgu_bbox_tile_3_1.png ...
  Saved /home/bumu60du/HiWi1/urban-shadow-analysis/data/orthophotos/ovgu_bbox/250m/ovgu_bbox_tile_3_1.png (1848.3 KB)
Fetching ovgu_bbox_tile_3_2.png ...
  Saved /home/bumu60du/HiWi1/urban-shadow-analysis/data/orthophotos/ovgu_bbox/250m/ovgu_bbox_tile_3_2.png (1857.7 KB)
Fetching ovgu_bbox_tile_3_3.png ...
  Saved /home/bumu60du/HiWi1/urban-shadow-analysis/data/orthophotos/ovgu_bbox/250m/ovgu_bbox_tile_3_3.png (1226.2 KB)
  16 tile(s) saved — 14.4s total, 0.90s/tile

--- ovgu_bbox @ 500m: 4 tile(s) ---
Fetching ovgu_bbox_tile_0_0.png ...
  Saved /home/bumu60du/HiWi1/urban-shadow-analysis/data/orthophotos/ovgu_bbox/500m/ovgu_bbox_tile_0_0.png (3082.2 KB)
Fetching ovgu_bbox_tile_0_1.png ...
  Saved /home/bumu60du/HiWi1/urban-shadow-analysis/data/orthophotos/ovgu_bbox/500m/ovgu_bbox_tile_0_1.png (2584.6 KB)
Fetching ovgu_bbox_tile_1_0.png ...
  Saved /home/bumu60du/HiWi1/urban-shadow-analysis/data/orthophotos/ovgu_bbox/500m/ovgu_bbox_tile_1_0.png (3444.8 KB)
Fetching ovgu_bbox_tile_1_1.png ...
  Saved /home/bumu60du/HiWi1/urban-shadow-analysis/data/orthophotos/ovgu_bbox/500m/ovgu_bbox_tile_1_1.png (3452.2 KB)
  4 tile(s) saved — 4.2s total, 1.05s/tile

--- ovgu_bbox @ 1000m: 1 tile(s) ---
Fetching ovgu_bbox_tile_0_0.png ...
  Saved /home/bumu60du/HiWi1/urban-shadow-analysis/data/orthophotos/ovgu_bbox/1000m/ovgu_bbox_tile_0_0.png (3333.8 KB)
  1 tile(s) saved — 1.1s total, 1.11s/tile
  Loading TCD SegFormer (restor/tcd-segformer-mit-b5)...
  Baumkataster: 85,302 trees loaded from Baeume_SFM_2026.gpkg
  OSM: 261 buildings, 1078 roads

--- ovgu_bbox @ 100m: segmenting 90 tile(s) [tcd_segformer] ---
  ovgu_bbox_tile_0_0: 14 tree(s) [Platanus acerifolia], 10 BK-matched — 2.0s
  ovgu_bbox_tile_0_1: 12 tree(s) [Platanus acerifolia], 2 BK-matched — 0.7s
  ovgu_bbox_tile_0_2: 22 tree(s) [Acer platanoides], 8 BK-matched — 0.9s
  ovgu_bbox_tile_0_3: 20 tree(s) [Acer platanoides], 4 BK-matched — 0.8s
  ovgu_bbox_tile_0_4: 26 tree(s) [Acer pseudoplatanus], 2 BK-matched — 0.9s
  ovgu_bbox_tile_0_5: 22 tree(s) [Tilia cordata], 8 BK-matched — 0.9s
  ovgu_bbox_tile_0_6: 12 tree(s) [Platanus acerifolia], 1 BK-matched — 0.9s
  ovgu_bbox_tile_0_7: 14 tree(s), 0 BK-matched — 0.8s
  ovgu_bbox_tile_0_8: 32 tree(s), 0 BK-matched — 1.0s
  ovgu_bbox_tile_0_9: 0 tree(s), 0 BK-matched — 0.5s
  ovgu_bbox_tile_1_0: 13 tree(s) [Tilia cordata], 3 BK-matched — 0.8s
  ovgu_bbox_tile_1_1: 17 tree(s) [Platanus acerifolia], 4 BK-matched — 0.8s
  ovgu_bbox_tile_1_2: 20 tree(s), 0 BK-matched — 0.8s
  ovgu_bbox_tile_1_3: 17 tree(s), 0 BK-matched — 0.8s
  ovgu_bbox_tile_1_4: 16 tree(s) [Tilia cordata], 6 BK-matched — 0.8s
  ovgu_bbox_tile_1_5: 21 tree(s) [Prunus serrulata 'Kanzan'], 6 BK-matched — 0.9s
  ovgu_bbox_tile_1_6: 14 tree(s) [Prunus serrulata 'Kanzan'], 6 BK-matched — 0.8s
  ovgu_bbox_tile_1_7: 17 tree(s) [Prunus serrula], 2 BK-matched — 0.8s
  ovgu_bbox_tile_1_8: 23 tree(s), 0 BK-matched — 0.9s
  ovgu_bbox_tile_1_9: 0 tree(s), 0 BK-matched — 0.4s
  ovgu_bbox_tile_2_0: 10 tree(s) [Tilia cordata], 5 BK-matched — 0.7s
  ovgu_bbox_tile_2_1: 16 tree(s) [Platanus acerifolia], 5 BK-matched — 0.8s
  ovgu_bbox_tile_2_2: 26 tree(s), 0 BK-matched — 0.9s
  ovgu_bbox_tile_2_3: 22 tree(s), 0 BK-matched — 0.9s
  ovgu_bbox_tile_2_4: 14 tree(s) [Tilia euchlora], 8 BK-matched — 0.8s
  ovgu_bbox_tile_2_5: 13 tree(s) [Acer pseudoplatanus], 9 BK-matched — 0.8s
  ovgu_bbox_tile_2_6: 10 tree(s) [Tilia cordata], 3 BK-matched — 0.7s
  ovgu_bbox_tile_2_7: 12 tree(s) [Acer platanoides], 6 BK-matched — 0.7s
  ovgu_bbox_tile_2_8: 18 tree(s) [Populus simonii], 3 BK-matched — 1.0s
  ovgu_bbox_tile_2_9: 0 tree(s) [Populus simonii], 0 BK-matched — 0.4s
  ovgu_bbox_tile_3_0: 17 tree(s) [Fraxinus excelsior], 7 BK-matched — 0.8s
  ovgu_bbox_tile_3_1: 9 tree(s) [Tilia cordata], 4 BK-matched — 0.7s
  ovgu_bbox_tile_3_2: 25 tree(s) [Prunus serrulata 'Amanogawa'], 3 BK-matched — 0.9s
  ovgu_bbox_tile_3_3: 23 tree(s), 0 BK-matched — 0.9s
  ovgu_bbox_tile_3_4: 27 tree(s) [Tilia euchlora], 12 BK-matched — 1.0s
  ovgu_bbox_tile_3_5: 20 tree(s) [Tilia cordata], 14 BK-matched — 0.9s
  ovgu_bbox_tile_3_6: 12 tree(s) [Tilia cordata], 10 BK-matched — 0.7s
  ovgu_bbox_tile_3_7: 21 tree(s) [Fraxinus excelsior], 6 BK-matched — 0.9s
  ovgu_bbox_tile_3_8: 20 tree(s), 0 BK-matched — 0.8s
  ovgu_bbox_tile_3_9: 0 tree(s), 0 BK-matched — 0.4s
  ovgu_bbox_tile_4_0: 13 tree(s) [Tilia cordata], 2 BK-matched — 0.7s
  ovgu_bbox_tile_4_1: 24 tree(s) [Tilia cordata], 10 BK-matched — 0.9s
  ovgu_bbox_tile_4_2: 25 tree(s) [Prunus serrulata 'Amanogawa'], 3 BK-matched — 0.9s
  ovgu_bbox_tile_4_3: 22 tree(s) [Prunus serrulata 'Amanogawa'], 3 BK-matched — 0.9s
  ovgu_bbox_tile_4_4: 12 tree(s) [Tilia euchlora], 10 BK-matched — 0.7s
  ovgu_bbox_tile_4_5: 16 tree(s) [Fraxinus excelsior], 13 BK-matched — 0.8s
  ovgu_bbox_tile_4_6: 33 tree(s) [Tilia cordata], 21 BK-matched — 1.0s
  ovgu_bbox_tile_4_7: 11 tree(s) [Fraxinus excelsior], 4 BK-matched — 0.7s
  ovgu_bbox_tile_4_8: 19 tree(s), 0 BK-matched — 0.8s
  ovgu_bbox_tile_4_9: 0 tree(s), 0 BK-matched — 0.4s
  ovgu_bbox_tile_5_0: 16 tree(s) [Tilia cordata], 9 BK-matched — 0.9s
  ovgu_bbox_tile_5_1: 14 tree(s) [Tilia cordata], 4 BK-matched — 0.8s
  ovgu_bbox_tile_5_2: 13 tree(s), 0 BK-matched — 0.7s
  ovgu_bbox_tile_5_3: 17 tree(s) [Tilia cordata], 1 BK-matched — 0.8s
  ovgu_bbox_tile_5_4: 15 tree(s) [Robinia pseudoacacia], 6 BK-matched — 0.8s
  ovgu_bbox_tile_5_5: 16 tree(s) [Acer platanoides], 4 BK-matched — 0.8s
  ovgu_bbox_tile_5_6: 10 tree(s) [Ulmus laevis], 4 BK-matched — 0.7s
  ovgu_bbox_tile_5_7: 11 tree(s), 0 BK-matched — 0.7s
  ovgu_bbox_tile_5_8: 44 tree(s), 0 BK-matched — 1.1s
  ovgu_bbox_tile_5_9: 0 tree(s), 0 BK-matched — 0.4s
  ovgu_bbox_tile_6_0: 22 tree(s) [Tilia cordata], 12 BK-matched — 0.9s
  ovgu_bbox_tile_6_1: 25 tree(s) [Tilia cordata], 2 BK-matched — 0.9s
  ovgu_bbox_tile_6_2: 14 tree(s), 0 BK-matched — 0.7s
  ovgu_bbox_tile_6_3: 22 tree(s), 0 BK-matched — 0.9s
  ovgu_bbox_tile_6_4: 17 tree(s) [Sorbus intermedia], 5 BK-matched — 0.8s
  ovgu_bbox_tile_6_5: 16 tree(s), 0 BK-matched — 0.8s
  ovgu_bbox_tile_6_6: 16 tree(s), 0 BK-matched — 0.8s
  ovgu_bbox_tile_6_7: 15 tree(s), 0 BK-matched — 0.8s
  ovgu_bbox_tile_6_8: 19 tree(s), 0 BK-matched — 0.8s
  ovgu_bbox_tile_6_9: 0 tree(s), 0 BK-matched — 0.4s
  ovgu_bbox_tile_7_0: 37 tree(s) [Tilia cordata], 16 BK-matched — 1.1s
  ovgu_bbox_tile_7_1: 22 tree(s), 0 BK-matched — 0.9s
  ovgu_bbox_tile_7_2: 15 tree(s), 0 BK-matched — 0.8s
  ovgu_bbox_tile_7_3: 19 tree(s), 0 BK-matched — 1.0s
  ovgu_bbox_tile_7_4: 24 tree(s) [Sorbus thuringiaca 'Fastigiata'], 4 BK-matched — 0.9s
  ovgu_bbox_tile_7_5: 6 tree(s) [Amelanchier lamarckii], 1 BK-matched — 0.7s
  ovgu_bbox_tile_7_6: 11 tree(s), 0 BK-matched — 0.7s
  ovgu_bbox_tile_7_7: 17 tree(s), 0 BK-matched — 0.8s
  ovgu_bbox_tile_7_8: 11 tree(s), 0 BK-matched — 0.7s
  ovgu_bbox_tile_7_9: 0 tree(s), 0 BK-matched — 0.5s
  ovgu_bbox_tile_8_0: 10 tree(s) [Acer platanoides], 9 BK-matched — 0.7s
  ovgu_bbox_tile_8_1: 16 tree(s) [Acer platanoides], 10 BK-matched — 0.7s
  ovgu_bbox_tile_8_2: 3 tree(s), 0 BK-matched — 0.5s
  ovgu_bbox_tile_8_3: 8 tree(s), 0 BK-matched — 0.6s
  ovgu_bbox_tile_8_4: 14 tree(s) [Sambucus nigra], 1 BK-matched — 0.7s
  ovgu_bbox_tile_8_5: 12 tree(s) [Koelreuteria paniculata], 8 BK-matched — 0.7s
  ovgu_bbox_tile_8_6: 5 tree(s), 0 BK-matched — 0.6s
  ovgu_bbox_tile_8_7: 8 tree(s), 0 BK-matched — 0.6s
  ovgu_bbox_tile_8_8: 12 tree(s), 0 BK-matched — 0.7s
  ovgu_bbox_tile_8_9: 0 tree(s), 0 BK-matched — 0.5s
  Timing [100m]: 90 tile(s) in 70.4s — avg 0.8s/tile
  merged → ovgu_bbox_tcd_segformer_trees_merged.fgb
  height validation (n=319 BK-matched): bias=+4.6 m  MAE=5.9 m  RMSE=9.5 m
  tile summary JSON → tile_summary_100m.json
  tile summary → tile_summary_100m.png
  location map  → location_map_100m.png

--- ovgu_bbox @ 250m: segmenting 16 tile(s) [tcd_segformer] ---
  ovgu_bbox_tile_0_0: 57 tree(s) [Platanus acerifolia], 25 BK-matched — 2.0s
  ovgu_bbox_tile_0_1: 82 tree(s) [Tilia euchlora], 19 BK-matched — 2.4s
  ovgu_bbox_tile_0_2: 65 tree(s) [Quercus robur], 27 BK-matched — 2.2s
  ovgu_bbox_tile_0_3: 43 tree(s) [Populus simonii], 4 BK-matched — 1.6s
  ovgu_bbox_tile_1_0: 82 tree(s) [Tilia cordata], 26 BK-matched — 2.4s
  ovgu_bbox_tile_1_1: 93 tree(s) [Tilia euchlora], 33 BK-matched — 2.5s
  ovgu_bbox_tile_1_2: 69 tree(s) [Tilia cordata], 52 BK-matched — 2.3s
  ovgu_bbox_tile_1_3: 40 tree(s) [Quercus robur], 4 BK-matched — 1.5s
  ovgu_bbox_tile_2_0: 105 tree(s) [Tilia cordata], 36 BK-matched — 2.7s
  ovgu_bbox_tile_2_1: 70 tree(s) [Sorbus intermedia], 8 BK-matched — 2.2s
  ovgu_bbox_tile_2_2: 55 tree(s) [Robinia pseudoacacia], 8 BK-matched — 2.0s
  ovgu_bbox_tile_2_3: 65 tree(s), 0 BK-matched — 1.8s
  ovgu_bbox_tile_3_0: 42 tree(s) [Acer platanoides], 24 BK-matched — 1.3s
  ovgu_bbox_tile_3_1: 24 tree(s) [Sorbus thuringiaca 'Fastigiata'], 1 BK-matched — 1.1s
  ovgu_bbox_tile_3_2: 23 tree(s) [Amelanchier lamarckii], 7 BK-matched — 1.1s
  ovgu_bbox_tile_3_3: 27 tree(s), 0 BK-matched — 1.0s
  Timing [250m]: 16 tile(s) in 30.0s — avg 1.9s/tile
  merged → ovgu_bbox_tcd_segformer_trees_merged.fgb
  height validation (n=274 BK-matched): bias=+4.8 m  MAE=6.1 m  RMSE=10.1 m
  tile summary JSON → tile_summary_250m.json
  tile summary → tile_summary_250m.png
  location map  → location_map_250m.png

--- ovgu_bbox @ 500m: segmenting 4 tile(s) [tcd_segformer] ---
  ovgu_bbox_tile_0_0: 141 tree(s) [Tilia cordata], 53 BK-matched — 3.1s
  ovgu_bbox_tile_0_1: 113 tree(s) [Tilia cordata], 34 BK-matched — 2.6s
  ovgu_bbox_tile_1_0: 136 tree(s) [Tilia cordata], 38 BK-matched — 3.1s
  ovgu_bbox_tile_1_1: 106 tree(s) [Amelanchier lamarckii], 9 BK-matched — 2.7s
  Timing [500m]: 4 tile(s) in 11.4s — avg 2.9s/tile
  merged → ovgu_bbox_tcd_segformer_trees_merged.fgb
  height validation (n=134 BK-matched): bias=+7.9 m  MAE=8.6 m  RMSE=14.1 m
  tile summary JSON → tile_summary_500m.json
  tile summary → tile_summary_500m.png
  location map  → location_map_500m.png

--- ovgu_bbox @ 1000m: segmenting 1 tile(s) [tcd_segformer] ---
  ovgu_bbox_tile_0_0: 147 tree(s) [Tilia cordata], 41 BK-matched — 3.2s
  Timing [1000m]: 1 tile(s) in 3.2s — avg 3.2s/tile
  merged → ovgu_bbox_tcd_segformer_trees_merged.fgb
  height validation (n=41 BK-matched): bias=+13.5 m  MAE=14.7 m  RMSE=21.9 m
  tile summary JSON → tile_summary_1000m.json
  tile summary → tile_summary_1000m.png
  location map  → location_map_1000m.png
Shadow casting for 2026-06-21 12:00 UTC

--- ovgu_bbox @ 100m: 90 tile(s) ---
  ovgu_bbox_tile_0_0: shadow=5.3% — 1.2s
  ovgu_bbox_tile_0_1: shadow=8.8% — 1.0s
  ovgu_bbox_tile_0_2: shadow=11.8% — 1.1s
  ovgu_bbox_tile_0_3: shadow=7.9% — 1.0s
  ovgu_bbox_tile_0_4: shadow=11.6% — 1.2s
  ovgu_bbox_tile_0_5: shadow=13.9% — 1.1s
  ovgu_bbox_tile_0_6: shadow=5.8% — 0.9s
  ovgu_bbox_tile_0_7: shadow=2.1% — 0.9s
  ovgu_bbox_tile_0_8: shadow=8.2% — 1.1s
  ovgu_bbox_tile_0_9: shadow=0.0% — 0.5s
  ovgu_bbox_tile_1_0: shadow=26.4% — 1.1s
  ovgu_bbox_tile_1_1: shadow=14.0% — 1.0s
  ovgu_bbox_tile_1_2: shadow=5.2% — 1.0s
  ovgu_bbox_tile_1_3: shadow=3.7% — 1.0s
  ovgu_bbox_tile_1_4: shadow=14.2% — 1.0s
  ovgu_bbox_tile_1_5: shadow=12.6% — 1.1s
  ovgu_bbox_tile_1_6: shadow=4.3% — 0.9s
  ovgu_bbox_tile_1_7: shadow=7.2% — 1.0s
  ovgu_bbox_tile_1_8: shadow=11.8% — 1.1s
  ovgu_bbox_tile_1_9: shadow=0.0% — 0.5s
  ovgu_bbox_tile_2_0: shadow=23.6% — 1.1s
  ovgu_bbox_tile_2_1: shadow=27.6% — 1.1s
  ovgu_bbox_tile_2_2: shadow=8.5% — 1.1s
  ovgu_bbox_tile_2_3: shadow=5.5% — 1.0s
  ovgu_bbox_tile_2_4: shadow=20.2% — 1.1s
  ovgu_bbox_tile_2_5: shadow=18.1% — 1.0s
  ovgu_bbox_tile_2_6: shadow=8.8% — 1.0s
  ovgu_bbox_tile_2_7: shadow=5.5% — 1.0s
  ovgu_bbox_tile_2_8: shadow=9.5% — 1.1s
  ovgu_bbox_tile_2_9: shadow=0.0% — 0.5s
  ovgu_bbox_tile_3_0: shadow=9.2% — 1.0s
  ovgu_bbox_tile_3_1: shadow=8.2% — 0.9s
  ovgu_bbox_tile_3_2: shadow=9.0% — 1.1s
  ovgu_bbox_tile_3_3: shadow=9.5% — 1.1s
  ovgu_bbox_tile_3_4: shadow=14.6% — 1.2s
  ovgu_bbox_tile_3_5: shadow=18.3% — 1.1s
  ovgu_bbox_tile_3_6: shadow=22.5% — 1.0s
  ovgu_bbox_tile_3_7: shadow=15.9% — 1.1s
  ovgu_bbox_tile_3_8: shadow=9.7% — 1.1s
  ovgu_bbox_tile_3_9: shadow=0.0% — 0.5s
  ovgu_bbox_tile_4_0: shadow=9.1% — 1.0s
  ovgu_bbox_tile_4_1: shadow=10.5% — 1.1s
  ovgu_bbox_tile_4_2: shadow=9.2% — 1.1s
  ovgu_bbox_tile_4_3: shadow=5.9% — 1.2s
  ovgu_bbox_tile_4_4: shadow=17.2% — 1.1s
  ovgu_bbox_tile_4_5: shadow=14.8% — 1.1s
  ovgu_bbox_tile_4_6: shadow=22.4% — 1.3s
  ovgu_bbox_tile_4_7: shadow=7.5% — 1.0s
  ovgu_bbox_tile_4_8: shadow=17.0% — 1.1s
  ovgu_bbox_tile_4_9: shadow=0.0% — 0.5s
  ovgu_bbox_tile_5_0: shadow=16.5% — 1.1s
  ovgu_bbox_tile_5_1: shadow=7.0% — 1.0s
  ovgu_bbox_tile_5_2: shadow=4.1% — 0.9s
  ovgu_bbox_tile_5_3: shadow=5.8% — 1.0s
  ovgu_bbox_tile_5_4: shadow=9.0% — 1.0s
  ovgu_bbox_tile_5_5: shadow=10.2% — 1.0s
  ovgu_bbox_tile_5_6: shadow=7.1% — 0.9s
  ovgu_bbox_tile_5_7: shadow=4.4% — 0.9s
  ovgu_bbox_tile_5_8: shadow=13.2% — 1.3s
  ovgu_bbox_tile_5_9: shadow=0.0% — 0.5s
  ovgu_bbox_tile_6_0: shadow=4.6% — 1.0s
  ovgu_bbox_tile_6_1: shadow=10.8% — 1.1s
  ovgu_bbox_tile_6_2: shadow=10.0% — 1.0s
  ovgu_bbox_tile_6_3: shadow=13.3% — 1.1s
  ovgu_bbox_tile_6_4: shadow=6.4% — 1.0s
  ovgu_bbox_tile_6_5: shadow=2.5% — 0.9s
  ovgu_bbox_tile_6_6: shadow=4.2% — 0.9s
  ovgu_bbox_tile_6_7: shadow=5.5% — 0.9s
  ovgu_bbox_tile_6_8: shadow=12.4% — 1.1s
  ovgu_bbox_tile_6_9: shadow=0.0% — 0.5s
  ovgu_bbox_tile_7_0: shadow=12.9% — 1.3s
  ovgu_bbox_tile_7_1: shadow=7.2% — 1.1s
  ovgu_bbox_tile_7_2: shadow=12.7% — 1.0s
  ovgu_bbox_tile_7_3: shadow=3.9% — 1.0s
  ovgu_bbox_tile_7_4: shadow=6.6% — 1.1s
  ovgu_bbox_tile_7_5: shadow=3.5% — 0.8s
  ovgu_bbox_tile_7_6: shadow=1.4% — 0.9s
  ovgu_bbox_tile_7_7: shadow=11.5% — 1.1s
  ovgu_bbox_tile_7_8: shadow=3.9% — 0.9s
  ovgu_bbox_tile_7_9: shadow=0.0% — 0.5s
  ovgu_bbox_tile_8_0: shadow=3.2% — 0.8s
  ovgu_bbox_tile_8_1: shadow=6.8% — 0.8s
  ovgu_bbox_tile_8_2: shadow=5.0% — 0.7s
  ovgu_bbox_tile_8_3: shadow=4.0% — 0.7s
  ovgu_bbox_tile_8_4: shadow=4.9% — 0.8s
  ovgu_bbox_tile_8_5: shadow=3.1% — 0.7s
  ovgu_bbox_tile_8_6: shadow=3.5% — 0.7s
  ovgu_bbox_tile_8_7: shadow=9.2% — 0.7s
  ovgu_bbox_tile_8_8: shadow=9.0% — 0.8s
  ovgu_bbox_tile_8_9: shadow=0.0% — 0.6s
  Timing [100m]: 90 tile(s) in 86.1s — avg 1.0s/tile
  merged → ovgu_bbox_tcd_segformer_shadow_merged.fgb

--- ovgu_bbox @ 250m: 16 tile(s) ---
  ovgu_bbox_tile_0_0: shadow=15.2% — 1.7s
  ovgu_bbox_tile_0_1: shadow=9.0% — 1.8s
  ovgu_bbox_tile_0_2: shadow=10.9% — 1.6s
  ovgu_bbox_tile_0_3: shadow=7.7% — 1.4s
  ovgu_bbox_tile_1_0: shadow=11.1% — 1.8s
  ovgu_bbox_tile_1_1: shadow=13.1% — 1.9s
  ovgu_bbox_tile_1_2: shadow=17.2% — 1.8s
  ovgu_bbox_tile_1_3: shadow=8.4% — 1.5s
  ovgu_bbox_tile_2_0: shadow=10.4% — 1.9s
  ovgu_bbox_tile_2_1: shadow=7.1% — 1.6s
  ovgu_bbox_tile_2_2: shadow=6.1% — 1.5s
  ovgu_bbox_tile_2_3: shadow=7.8% — 1.5s
  ovgu_bbox_tile_3_0: shadow=8.2% — 1.3s
  ovgu_bbox_tile_3_1: shadow=6.6% — 1.2s
  ovgu_bbox_tile_3_2: shadow=2.0% — 1.1s
  ovgu_bbox_tile_3_3: shadow=7.9% — 1.2s
  Timing [250m]: 16 tile(s) in 24.8s — avg 1.5s/tile
  merged → ovgu_bbox_tcd_segformer_shadow_merged.fgb

--- ovgu_bbox @ 500m: 4 tile(s) ---
  ovgu_bbox_tile_0_0: shadow=8.7% — 1.8s
  ovgu_bbox_tile_0_1: shadow=8.4% — 1.7s
  ovgu_bbox_tile_1_0: shadow=7.8% — 1.9s
  ovgu_bbox_tile_1_1: shadow=5.5% — 1.7s
  Timing [500m]: 4 tile(s) in 7.2s — avg 1.8s/tile
  merged → ovgu_bbox_tcd_segformer_shadow_merged.fgb

--- ovgu_bbox @ 1000m: 1 tile(s) ---
  ovgu_bbox_tile_0_0: shadow=5.5% — 1.7s
  Timing [1000m]: 1 tile(s) in 1.7s — avg 1.7s/tile
  merged → ovgu_bbox_tcd_segformer_shadow_merged.fgb
  ovgu_bbox → ovgu_bbox_species_grid.png
Done: 2026-07-12 23:38 UTC
